  pch.cpp
  App.xaml.cpp
  MainPage.xaml.cpp
  XamlTypeInfo.Impl.g.cpp
C:\ci\space-trashman-blues\common\src\Crawler.c(136,45): warning C4267: 'argument': conversion from 'size_t' to 'const unsigned int', possible loss of data
  (compiling source file '/MainPage.xaml.cpp')
  
C:\ci\space-trashman-blues\common\src\Crawler.c(134,70): warning C4267: 'argument': conversion from 'size_t' to 'const int', possible loss of data
  (compiling source file '/MainPage.xaml.cpp')
  
C:\ci\space-trashman-blues\common\src\GameMenu.c(146,27): warning C4244: 'argument': conversion from 'short' to 'unsigned char', possible loss of data
  (compiling source file '/MainPage.xaml.cpp')
  
C:\ci\space-trashman-blues\common\src\GameMenu.c(142,41): warning C4267: 'argument': conversion from 'size_t' to 'const unsigned int', possible loss of data
  (compiling source file '/MainPage.xaml.cpp')
  
C:\ci\space-trashman-blues\common\src\GameMenu.c(140,66): warning C4267: 'argument': conversion from 'size_t' to 'const int', possible loss of data
  (compiling source file '/MainPage.xaml.cpp')
  
C:\ci\space-trashman-blues\common\src\GameMenu.c(127,9): warning C4101: 'c': unreferenced local variable
  (compiling source file '/MainPage.xaml.cpp')
  
C:\ci\space-trashman-blues\mx_frontend\base3d\src\Renderer.c(126,74): warning C4244: 'argument': conversion from 'short' to 'const unsigned char', possible loss of data
  (compiling source file '/MainPage.xaml.cpp')
  
C:\ci\space-trashman-blues\mx_frontend\base3d\src\Renderer.c(131,38): warning C4244: 'argument': conversion from 'short' to 'const unsigned char', possible loss of data
  (compiling source file '/MainPage.xaml.cpp')
  
C:\ci\space-trashman-blues\mx_frontend\base3d\src\Renderer.c(134,43): warning C4244: 'argument': conversion from 'short' to 'const unsigned char', possible loss of data
  (compiling source file '/MainPage.xaml.cpp')
  
C:\ci\space-trashman-blues\mx_frontend\base3d\src\Renderer.c(137,34): warning C4244: 'argument': conversion from 'short' to 'const unsigned char', possible loss of data
  (compiling source file '/MainPage.xaml.cpp')
  
C:\ci\space-trashman-blues\mx_frontend\base3d\src\Renderer.c(138,43): warning C4244: 'argument': conversion from 'short' to 'const unsigned char', possible loss of data
  (compiling source file '/MainPage.xaml.cpp')
  
C:\ci\space-trashman-blues\mx_frontend\base3d\src\Renderer.c(246,12): warning C4101: 'z': unreferenced local variable
  (compiling source file '/MainPage.xaml.cpp')
  
C:\ci\space-trashman-blues\mx_frontend\base3d\src\Renderer.c(246,15): warning C4101: 'x': unreferenced local variable
  (compiling source file '/MainPage.xaml.cpp')
  
C:\ci\space-trashman-blues\mx_frontend\base3d\src\Renderer.c(856,27): warning C4267: 'initializing': conversion from 'size_t' to 'int', possible loss of data
  (compiling source file '/MainPage.xaml.cpp')
  
C:\ci\space-trashman-blues\mx_frontend\base3d\src\Renderer.c(867,25): warning C4267: 'initializing': conversion from 'size_t' to 'int', possible loss of data
  (compiling source file '/MainPage.xaml.cpp')
  
C:\ci\space-trashman-blues\common\src\PackedFileReader.c(80,17): warning C4267: 'initializing': conversion from 'size_t' to 'unsigned char', possible loss of data
  (compiling source file '/MainPage.xaml.cpp')
  
C:\ci\space-trashman-blues\common\src\Dungeon.c(347,40): warning C4267: '=': conversion from 'size_t' to 'short', possible loss of data
  (compiling source file '/MainPage.xaml.cpp')
  
C:\ci\space-trashman-blues\common\src\Dungeon.c(377,44): warning C4267: '=': conversion from 'size_t' to 'short', possible loss of data
  (compiling source file '/MainPage.xaml.cpp')
  
C:\ci\space-trashman-blues\common\src\Events.c(195,74): warning C4244: 'argument': conversion from 'short' to 'const unsigned char', possible loss of data
  (compiling source file '/MainPage.xaml.cpp')
  
C:\ci\space-trashman-blues\common\src\Events.c(198,34): warning C4244: 'argument': conversion from 'short' to 'const unsigned char', possible loss of data
  (compiling source file '/MainPage.xaml.cpp')
  
C:\ci\space-trashman-blues\common\src\Events.c(201,34): warning C4244: 'argument': conversion from 'short' to 'const unsigned char', possible loss of data
  (compiling source file '/MainPage.xaml.cpp')
  
C:\ci\space-trashman-blues\mx_frontend\base3d\src\RendererRasterization.c(1725,14): warning C4101: 'dst': unreferenced local variable
  (compiling source file '/MainPage.xaml.cpp')
  
C:\ci\space-trashman-blues\mx_frontend\base3d\src\RendererRasterization.c(1724,14): warning C4101: 'src': unreferenced local variable
  (compiling source file '/MainPage.xaml.cpp')
  
C:\ci\space-trashman-blues\mx_frontend\base3d\src\RendererRasterization.c(1723,13): warning C4101: 'index': unreferenced local variable
  (compiling source file '/MainPage.xaml.cpp')
  
C:\ci\space-trashman-blues\mx_frontend\base3d\src\RendererRasterization.c(1726,9): warning C4101: 'x': unreferenced local variable
  (compiling source file '/MainPage.xaml.cpp')
  
C:\ci\space-trashman-blues\mx_frontend\base3d\src\RendererRasterization.c(1726,15): warning C4101: 'chunky': unreferenced local variable
  (compiling source file '/MainPage.xaml.cpp')
  
C:\ci\space-trashman-blues\common\src\UI.c(158,9): warning C4101: 'c': unreferenced local variable
  (compiling source file '/MainPage.xaml.cpp')
  
C:\ci\space-trashman-blues\common\src\PCMAudio.c(16,38): warning C4267: '=': conversion from 'size_t' to 'long', possible loss of data
  (compiling source file '/MainPage.xaml.cpp')
  
C:\ci\space-trashman-blues\common\src\EDirection_Utils.c(70,1): warning C4715: 'rightOf': not all control paths return a value
C:\ci\space-trashman-blues\common\src\EDirection_Utils.c(89,1): warning C4715: 'oppositeOf': not all control paths return a value
  XamlTypeInfo.g.cpp
     Creating library C:\ci\space-trashman-blues\mx_frontend\UWP2022\x64\Debug\UWP2022\UWP2022.lib and object C:\ci\space-trashman-blues\mx_frontend\UWP2022\x64\Debug\UWP2022\UWP2022.exp
  UWP2022.vcxproj -> C:\ci\space-trashman-blues\mx_frontend\UWP2022\x64\Debug\UWP2022\UWP2022.exe
