c:\ci\space-trashman-blues\mx_frontend\uwp2022\uwp2022\x64\debug\mainpage.xaml.obj
c:\ci\space-trashman-blues\mx_frontend\uwp2022\uwp2022\x64\debug\app.xaml.obj
c:\ci\space-trashman-blues\mx_frontend\uwp2022\uwp2022\x64\debug\uwp2022.pch
c:\ci\space-trashman-blues\mx_frontend\uwp2022\uwp2022\x64\debug\vc143.pdb
c:\ci\space-trashman-blues\mx_frontend\uwp2022\uwp2022\x64\debug\vc143.idb
c:\ci\space-trashman-blues\mx_frontend\uwp2022\uwp2022\x64\debug\pch.obj
c:\ci\space-trashman-blues\mx_frontend\uwp2022\uwp2022\x64\debug\xamltypeinfo.impl.g.obj
c:\ci\space-trashman-blues\mx_frontend\uwp2022\uwp2022\x64\debug\xamltypeinfo.g.obj
c:\ci\space-trashman-blues\mx_frontend\uwp2022\x64\debug\uwp2022\microsoft.graphics.canvas.dll
c:\ci\space-trashman-blues\mx_frontend\uwp2022\x64\debug\uwp2022\microsoft.graphics.canvas.winmd
c:\ci\space-trashman-blues\mx_frontend\uwp2022\x64\debug\uwp2022\microsoft.graphics.canvas.xml
c:\ci\space-trashman-blues\mx_frontend\uwp2022\uwp2022\x64\debug\uwp2022.tlog\uwp2022.winmd.lastbuild
c:\ci\space-trashman-blues\mx_frontend\uwp2022\x64\debug\uwp2022\uwp2022.exe
c:\ci\space-trashman-blues\mx_frontend\uwp2022\x64\debug\uwp2022\uwp2022.pdb
c:\ci\space-trashman-blues\mx_frontend\uwp2022\uwp2022\x64\debug\uwp2022.vcxproj.assemblyreference.cache
c:\ci\space-trashman-blues\mx_frontend\uwp2022\generated files\app.g.h
c:\ci\space-trashman-blues\mx_frontend\uwp2022\generated files\mainpage.g.h
c:\ci\space-trashman-blues\mx_frontend\uwp2022\generated files\xamllibmetadataprovider.g.cpp
c:\ci\space-trashman-blues\mx_frontend\uwp2022\generated files\xamltypeinfo.impl.g.cpp
c:\ci\space-trashman-blues\mx_frontend\uwp2022\generated files\app.xaml
c:\ci\space-trashman-blues\mx_frontend\uwp2022\generated files\mainpage.xaml
c:\ci\space-trashman-blues\mx_frontend\uwp2022\generated files\app.xbf
c:\ci\space-trashman-blues\mx_frontend\uwp2022\generated files\mainpage.xbf
c:\ci\space-trashman-blues\mx_frontend\uwp2022\uwp2022\x64\debug\xamlsavestatefile.xml
c:\ci\space-trashman-blues\mx_frontend\uwp2022\generated files\xamltypeinfo.g.cpp
c:\ci\space-trashman-blues\mx_frontend\uwp2022\x64\debug\uwp2022\app.xbf
c:\ci\space-trashman-blues\mx_frontend\uwp2022\x64\debug\uwp2022\mainpage.xbf
c:\ci\space-trashman-blues\mx_frontend\uwp2022\uwp2022\x64\debug\resourcehandlingtask.state
c:\ci\space-trashman-blues\mx_frontend\uwp2022\uwp2022\x64\debug\uwp2022.vcxproj.generateresource.cache
c:\ci\space-trashman-blues\mx_frontend\uwp2022\uwp2022\x64\debug\priconfig.xml
c:\ci\space-trashman-blues\mx_frontend\uwp2022\uwp2022\x64\debug\priconfig.xml.intermediate
c:\ci\space-trashman-blues\mx_frontend\uwp2022\uwp2022\x64\debug\unfiltered.layout.resfiles
c:\ci\space-trashman-blues\mx_frontend\uwp2022\uwp2022\x64\debug\unfiltered.layout.resfiles.intermediate
c:\ci\space-trashman-blues\mx_frontend\uwp2022\uwp2022\x64\debug\filtered.layout.resfiles
c:\ci\space-trashman-blues\mx_frontend\uwp2022\uwp2022\x64\debug\filtered.layout.resfiles.intermediate
c:\ci\space-trashman-blues\mx_frontend\uwp2022\uwp2022\x64\debug\excluded.layout.resfiles
c:\ci\space-trashman-blues\mx_frontend\uwp2022\uwp2022\x64\debug\excluded.layout.resfiles.intermediate
c:\ci\space-trashman-blues\mx_frontend\uwp2022\uwp2022\x64\debug\resources.resfiles
c:\ci\space-trashman-blues\mx_frontend\uwp2022\uwp2022\x64\debug\resources.resfiles.intermediate
c:\ci\space-trashman-blues\mx_frontend\uwp2022\uwp2022\x64\debug\pri.resfiles
c:\ci\space-trashman-blues\mx_frontend\uwp2022\uwp2022\x64\debug\pri.resfiles.intermediate
c:\ci\space-trashman-blues\mx_frontend\uwp2022\x64\debug\uwp2022\resources.pri
c:\ci\space-trashman-blues\mx_frontend\uwp2022\uwp2022\x64\debug\qualifiers.txt
c:\ci\space-trashman-blues\mx_frontend\uwp2022\uwp2022\x64\debug\qualifiers.txt.intermediate
c:\ci\space-trashman-blues\mx_frontend\uwp2022\uwp2022\x64\debug\multiplequalifiersperdimensionfound.txt
c:\ci\space-trashman-blues\mx_frontend\uwp2022\uwp2022\x64\debug\projectarchitectures.txt
c:\ci\space-trashman-blues\mx_frontend\uwp2022\x64\debug\uwp2022\appxmanifest.xml
c:\ci\space-trashman-blues\mx_frontend\uwp2022\x64\debug\uwp2022\uwp2022.build.appxrecipe
c:\ci\space-trashman-blues\mx_frontend\uwp2022\uwp2022\x64\debug\uwp2022.vcxproj.up2date
c:\ci\space-trashman-blues\mx_frontend\uwp2022\uwp2022\x64\debug\.winmd_cache\$microsoft.graphics.canvas.winmd_638361814300000000.json
c:\ci\space-trashman-blues\mx_frontend\uwp2022\x64\debug\uwp2022\uwp2022.lib
c:\ci\space-trashman-blues\mx_frontend\uwp2022\x64\debug\uwp2022\uwp2022.exp
c:\ci\space-trashman-blues\mx_frontend\uwp2022\uwp2022\x64\debug\uwp2022.ilk
c:\ci\space-trashman-blues\mx_frontend\uwp2022\x64\debug\uwp2022\uwp2022.winmd
c:\ci\space-trashman-blues\mx_frontend\uwp2022\uwp2022\x64\debug\uwp2022.tlog\cl.command.1.tlog
c:\ci\space-trashman-blues\mx_frontend\uwp2022\uwp2022\x64\debug\uwp2022.tlog\cl.items.tlog
c:\ci\space-trashman-blues\mx_frontend\uwp2022\uwp2022\x64\debug\uwp2022.tlog\cl.read.1.tlog
c:\ci\space-trashman-blues\mx_frontend\uwp2022\uwp2022\x64\debug\uwp2022.tlog\cl.write.1.tlog
c:\ci\space-trashman-blues\mx_frontend\uwp2022\uwp2022\x64\debug\uwp2022.tlog\copylocal.read.1u.tlog
c:\ci\space-trashman-blues\mx_frontend\uwp2022\uwp2022\x64\debug\uwp2022.tlog\copylocal.write.1u.tlog
c:\ci\space-trashman-blues\mx_frontend\uwp2022\uwp2022\x64\debug\uwp2022.tlog\link.command.1.tlog
c:\ci\space-trashman-blues\mx_frontend\uwp2022\uwp2022\x64\debug\uwp2022.tlog\link.read.1.tlog
c:\ci\space-trashman-blues\mx_frontend\uwp2022\uwp2022\x64\debug\uwp2022.tlog\link.secondary.1.tlog
c:\ci\space-trashman-blues\mx_frontend\uwp2022\uwp2022\x64\debug\uwp2022.tlog\link.write.1.tlog
c:\ci\space-trashman-blues\mx_frontend\uwp2022\uwp2022\x64\debug\uwp2022.tlog\uwp2022.read.1u.tlog
c:\ci\space-trashman-blues\mx_frontend\uwp2022\uwp2022\x64\debug\uwp2022.tlog\uwp2022.write.1u.tlog
c:\ci\space-trashman-blues\mx_frontend\uwp2022\uwp2022\x64\debug\uwp2022.tlog\xaml.read.1u.tlog
c:\ci\space-trashman-blues\mx_frontend\uwp2022\generated files\xamlbindinginfo.g.h
c:\ci\space-trashman-blues\mx_frontend\uwp2022\generated files\xamltypeinfo.g.h
